

***********************************************************************
Fatal NI connect error 12545, connecting to:
 (DESCRIPTION=(CONNECT_DATA=(SERVICE_NAME=)(CID=(PROGRAM=C:\AppServ\php5\php.exe)(HOST=MICROSO-B1KL7BK)(USER=Administrator)))(ADDRESS=(PROTOCOL=TCP)(HOST=127.0.0.1)(PORT=.$TnsName.)))

  VERSION INFORMATION:
	TNS for 32-bit Windows: Version 10.2.0.1.0 - Production
	Windows NT TCP/IP NT Protocol Adapter for 32-bit Windows: Version 10.2.0.1.0 - Production
  Time: 05-1月 -2010 14:57:26
  Tracing not turned on.
  Tns error struct:
    ns main err code: 12545
    TNS-12545: 因目标主机或对象不存在, 连接失败
    ns secondary err code: 12560
    nt main err code: 515
    TNS-00515: 因目标主机或对象不存在, 连接失败
    nt secondary err code: 1004
    nt OS err code: 0


***********************************************************************
Fatal NI connect error 12545, connecting to:
 (DESCRIPTION=(CONNECT_DATA=(SERVICE_NAME=)(CID=(PROGRAM=C:\AppServ\php5\php.exe)(HOST=MICROSO-B1KL7BK)(USER=Administrator)))(ADDRESS=(PROTOCOL=TCP)(HOST=127.0.0.1)(PORT=xe)))

  VERSION INFORMATION:
	TNS for 32-bit Windows: Version 10.2.0.1.0 - Production
	Windows NT TCP/IP NT Protocol Adapter for 32-bit Windows: Version 10.2.0.1.0 - Production
  Time: 05-1月 -2010 14:58:36
  Tracing not turned on.
  Tns error struct:
    ns main err code: 12545
    TNS-12545: 因目标主机或对象不存在, 连接失败
    ns secondary err code: 12560
    nt main err code: 515
    TNS-00515: 因目标主机或对象不存在, 连接失败
    nt secondary err code: 1004
    nt OS err code: 0


***********************************************************************
Fatal NI connect error 12545, connecting to:
 (DESCRIPTION=(ADDRESS=(PROTOCOL=TCP)(HOST=127.0.0.1)(PORT=))(CONNECT_DATA=(SID=xe)(CID=(PROGRAM=C:\AppServ\php5\php.exe)(HOST=MICROSO-B1KL7BK)(USER=Administrator))))

  VERSION INFORMATION:
	TNS for 32-bit Windows: Version 10.2.0.1.0 - Production
	Windows NT TCP/IP NT Protocol Adapter for 32-bit Windows: Version 10.2.0.1.0 - Production
  Time: 05-1月 -2010 15:03:40
  Tracing not turned on.
  Tns error struct:
    ns main err code: 12545
    TNS-12545: 因目标主机或对象不存在, 连接失败
    ns secondary err code: 12560
    nt main err code: 515
    TNS-00515: 因目标主机或对象不存在, 连接失败
    nt secondary err code: 1004
    nt OS err code: 0


***********************************************************************
Fatal NI connect error 12545, connecting to:
 (DESCRIPTION=(ADDRESS=(PROTOCOL=TCP)(HOST=127.0.0.1)(PORT=))(CONNECT_DATA=(SID=xe)(CID=(PROGRAM=C:\AppServ\php5\php.exe)(HOST=MICROSO-B1KL7BK)(USER=Administrator))))

  VERSION INFORMATION:
	TNS for 32-bit Windows: Version 10.2.0.1.0 - Production
	Windows NT TCP/IP NT Protocol Adapter for 32-bit Windows: Version 10.2.0.1.0 - Production
  Time: 05-1月 -2010 15:03:45
  Tracing not turned on.
  Tns error struct:
    ns main err code: 12545
    TNS-12545: 因目标主机或对象不存在, 连接失败
    ns secondary err code: 12560
    nt main err code: 515
    TNS-00515: 因目标主机或对象不存在, 连接失败
    nt secondary err code: 1004
    nt OS err code: 0


***********************************************************************
Fatal NI connect error 12545, connecting to:
 (DESCRIPTION=(ADDRESS=(PROTOCOL=TCP)(HOST=127.0.0.1)(PORT=))(CONNECT_DATA=(SID=xe)(CID=(PROGRAM=C:\AppServ\php5\php.exe)(HOST=MICROSO-B1KL7BK)(USER=Administrator))))

  VERSION INFORMATION:
	TNS for 32-bit Windows: Version 10.2.0.1.0 - Production
	Windows NT TCP/IP NT Protocol Adapter for 32-bit Windows: Version 10.2.0.1.0 - Production
  Time: 05-1月 -2010 15:04:20
  Tracing not turned on.
  Tns error struct:
    ns main err code: 12545
    TNS-12545: 因目标主机或对象不存在, 连接失败
    ns secondary err code: 12560
    nt main err code: 515
    TNS-00515: 因目标主机或对象不存在, 连接失败
    nt secondary err code: 1004
    nt OS err code: 0


***********************************************************************
Fatal NI connect error 12170.

  VERSION INFORMATION:
	TNS for 32-bit Windows: Version 10.2.0.1.0 - Production
	Windows NT TCP/IP NT Protocol Adapter for 32-bit Windows: Version 10.2.0.1.0 - Production
  Time: 05-1月 -2010 15:11:02
  Tracing not turned on.
  Tns error struct:
    ns main err code: 12535
    TNS-12535: TNS: 操作超时
    ns secondary err code: 12560
    nt main err code: 505
    TNS-00505: 操作超时
    nt secondary err code: 60
    nt OS err code: 0
  Client address: <unknown>
